<?xml version="1.0" encoding="UTF-8"?>
<!-- Generated by org.testng.reporters.JUnitXMLReporter -->
<testsuite hostname="Shankey" ignored="0" name="Dependency Test" tests="3" failures="1" timestamp="13 Sep 2021 12:40:31 GMT" time="0.016" errors="0">
  <testcase name="doReg" time="0.001" classname="testnglearning.TestCase3">
    <failure type="java.lang.AssertionError" message="failing the test case">
      <![CDATA[java.lang.AssertionError: failing the test case
at testnglearning.TestCase3.doReg(TestCase3.java:19)
... Removed 26 stack frames]]>
    </failure>
  </testcase> <!-- doReg -->
  <testcase name="doLogin" time="0.0" classname="testnglearning.TestCase3">
    <skipped/>
  </testcase> <!-- doLogin -->
  <testcase name="isSkip" time="0.002" classname="testnglearning.TestCase3">
    <skipped/>
  </testcase> <!-- isSkip -->
</testsuite> <!-- Dependency Test -->
